<?xml version="1.0" encoding="UTF-8"?>
<!-- Generated by org.testng.reporters.JUnitReportReporter -->
<testsuite skipped="0" hostname="jatinkapoor01" name="tests.CareersTest" tests="1" failures="0" timestamp="28 Jun 2021 10:57:00 GMT" time="20.558" errors="0">
  <testcase name="careers" time="20.558" classname="tests.CareersTest"/>
</testsuite> <!-- tests.CareersTest -->
