<?xml version="1.0" encoding="UTF-8"?>
<!-- Generated by org.testng.reporters.JUnitReportReporter -->
<testsuite skipped="0" hostname="jatinkapoor01" name="tests.BusHireTest" tests="3" failures="0" timestamp="05 Jul 2021 15:56:08 GMT" time="80.142" errors="0">
  <testcase name="busHireLocal" time="16.022" classname="tests.BusHireTest"/>
  <testcase name="busHireAirport" time="37.112" classname="tests.BusHireTest"/>
  <testcase name="busHireOutstation" time="27.008" classname="tests.BusHireTest"/>
</testsuite> <!-- tests.BusHireTest -->
