<?xml version="1.0" encoding="UTF-8"?>
<!-- Generated by org.testng.reporters.JUnitReportReporter -->
<testsuite skipped="0" hostname="jatinkapoor01" name="tests.HelpTest" tests="1" failures="0" timestamp="05 Jul 2021 15:56:08 GMT" time="17.048" errors="0">
  <testcase name="helpChatBot" time="17.048" classname="tests.HelpTest"/>
</testsuite> <!-- tests.HelpTest -->
