<?xml version="1.0" encoding="UTF-8"?>
<!-- Generated by org.testng.reporters.JUnitReportReporter -->
<testsuite skipped="0" hostname="jatinkapoor01" name="tests.LinkTest" tests="3" failures="0" timestamp="29 Jun 2021 17:48:36 GMT" time="80.879" errors="0">
  <testcase name="searchBlog" time="28.561" classname="tests.LinkTest"/>
  <testcase name="contactUs" time="29.191" classname="tests.LinkTest"/>
  <testcase name="careers" time="23.127" classname="tests.LinkTest"/>
</testsuite> <!-- tests.LinkTest -->
