<?xml version="1.0" encoding="UTF-8"?>
<!-- Generated by org.testng.reporters.JUnitReportReporter -->
<testsuite skipped="0" hostname="jatinkapoor01" name="tests.FooterTest" tests="3" failures="0" timestamp="05 Jul 2021 15:56:08 GMT" time="46.804" errors="0">
  <testcase name="searchBlog" time="14.192" classname="tests.FooterTest"/>
  <testcase name="contactUs" time="15.282" classname="tests.FooterTest"/>
  <testcase name="careers" time="17.330" classname="tests.FooterTest"/>
</testsuite> <!-- tests.FooterTest -->
