<?xml version="1.0" encoding="UTF-8"?>
<!-- Generated by org.testng.reporters.JUnitReportReporter -->
<testsuite skipped="0" hostname="jatinkapoor01" name="tests.SitemapTest" tests="2" failures="0" timestamp="05 Jul 2021 15:56:08 GMT" time="40.963" errors="0">
  <testcase name="bookBus_RTCOperator" time="24.465" classname="tests.SitemapTest"/>
  <testcase name="bookPilgrimagePackage" time="16.498" classname="tests.SitemapTest"/>
</testsuite> <!-- tests.SitemapTest -->
