<?xml version="1.0" encoding="UTF-8"?>
<!-- Generated by org.testng.reporters.JUnitReportReporter -->
<testsuite skipped="0" hostname="jatinkapoor01" name="tests.BlogTest" tests="1" failures="0" timestamp="28 Jun 2021 10:57:00 GMT" time="24.594" errors="0">
  <testcase name="searchBlog" time="24.594" classname="tests.BlogTest"/>
</testsuite> <!-- tests.BlogTest -->
