<?xml version="1.0" encoding="UTF-8"?>
<!-- Generated by org.testng.reporters.JUnitReportReporter -->
<testsuite skipped="0" hostname="jatinkapoor01" name="tests.RPoolTest" tests="1" failures="0" timestamp="05 Jul 2021 15:56:08 GMT" time="12.202" errors="0">
  <testcase name="rPoolYoutube" time="12.202" classname="tests.RPoolTest"/>
</testsuite> <!-- tests.RPoolTest -->
