<?xml version="1.0" encoding="UTF-8"?>
<!-- Generated by org.testng.reporters.JUnitReportReporter -->
<testsuite skipped="0" hostname="jatinkapoor01" name="tests.TopOperatorTest" tests="1" failures="0" timestamp="05 Jul 2021 15:56:08 GMT" time="14.241" errors="0">
  <testcase name="topOperator" time="14.241" classname="tests.TopOperatorTest"/>
</testsuite> <!-- tests.TopOperatorTest -->
